

BANRED                                CAJEROS AUTOMATICOS                               KCABRERA
FECHA : 01-09-2020 21:53:13                                                             PAGINA :    1
                            PERÍODO DEL 01-09-2020    AL    01-09-2020                  BAPS112
                             INFORME DIARIO DE COMPENSACION DE DINERO             

---------------------------------------------------------------------------------------------------------
VALORES CRUZADOS PARA   : BANCO DEL AUSTRO
                        ---------------------------------------------------------------------------------
                                   RETIROS        PAGAR A     RETIROS       A COBRAR   COMPENSACION
                        ---------------------------------------------------------------------------------

BANCO BOLIVARIANO                      250      17,455.00         348      24,174.00       6,719.00
BANCO PRODUBANCO                       146      10,563.00         395      23,647.50      13,084.50
BANCO INTERNACIONAL                    294      18,907.00         243      16,976.50      -1,930.50
BANCO SOLIDARIO                         13         746.50           8         604.00        -142.50
BANCO DEL PACIFICO                     678      46,009.00         586      36,123.00      -9,886.00
BANCO DINERS CLUB                        0            .00          13         886.50         886.50
BANCO PICHINCHA                        566      37,503.00       1,560      94,575.00      57,072.00
BANCO DE LOJA                           51       3,145.50          47       2,733.50        -412.00
BANCO DE MACHALA                        24       1,442.00          67       4,393.50       2,951.50
BANCO DELBANK                            1         100.50           9         744.50         644.00
COOP. ALIANZA DEL VALLE                  7         233.50           6         423.00         189.50
COOP. J.E.P                            962      57,246.00         108       5,659.00     -51,587.00
COOP. EL SAGRARIO                       18         929.00          10         725.00        -204.00
COOP. MEGO                              33       1,996.50           9         454.50      -1,542.00
MUTUALISTA PICHINCHA                    14         877.00          36       2,608.00       1,731.00
BANCO GUAYAQUIL                        841      54,305.50         359      21,899.50     -32,406.00
BANCO CODESARROLLO                       8         359.00          10         755.00         396.00
COOP. JARDIN AZUAYO                     87       4,929.15          68       4,384.00        -545.15
BANCO PROCREDIT                          0            .00          23       1,571.50       1,571.50
COOP. AMBATO                            40       2,230.00           2          51.00      -2,179.00
COOP. 23 DE JULIO                       11         855.50           6         463.00        -392.50
RED TRANSACCIONAL COONECTA             299      19,139.50         254      16,482.00      -2,657.50
COOP. POLICIA NACIONAL                  68       3,984.00         270      19,665.00      15,681.00
BANCO COMERCIAL DE MANABI               39       2,899.50          24       1,642.00      -1,257.50
EXSERSA S.A.                            21       1,150.50           0            .00      -1,150.50
COOP. 29 DE OCTUBRE                     17       1,218.50         233      18,066.50      16,848.00
COOP. OSCUS                             69       4,554.50          54       2,757.00      -1,797.50
BANCO COOPNACIONAL                       0            .00          16       1,188.00       1,188.00
COOP. PILAHUIN TIO                       1          20.50           0            .00         -20.50
COOP. ANDALUCIA                          3         201.50           0            .00        -201.50
BANCO BANECUADOR                         0            .00         291      22,705.50      22,705.50


---------------------------------------------------------------------------------------------------------
 TOTAL RETIROS                       4,561     293,001.15       5,055     326,357.50      33,356.35
---------------------------------------------------------------------------------------------------------
                                             
                                                              +------------------------------------------+
                                                              | NETO A COMPENSAR :       33,356.35       |
                                                              +------------------------------------------+
                                             

